2021-09-03 22:56:43,254 INFO o.a.j.u.JMeterUtils: Setting Locale to en_EN
2021-09-03 22:56:43,290 INFO o.a.j.JMeter: Loading user properties from: /usr/local/Cellar/jmeter/5.4.1/libexec/bin/user.properties
2021-09-03 22:56:43,291 INFO o.a.j.JMeter: Loading system properties from: /usr/local/Cellar/jmeter/5.4.1/libexec/bin/system.properties
2021-09-03 22:56:43,298 INFO o.a.j.JMeter: Copyright (c) 1998-2021 The Apache Software Foundation
2021-09-03 22:56:43,298 INFO o.a.j.JMeter: Version 5.4.1
2021-09-03 22:56:43,298 INFO o.a.j.JMeter: java.version=16.0.1
2021-09-03 22:56:43,298 INFO o.a.j.JMeter: java.vm.name=OpenJDK 64-Bit Server VM
2021-09-03 22:56:43,298 INFO o.a.j.JMeter: os.name=Mac OS X
2021-09-03 22:56:43,298 INFO o.a.j.JMeter: os.arch=x86_64
2021-09-03 22:56:43,299 INFO o.a.j.JMeter: os.version=11.5.2
2021-09-03 22:56:43,299 INFO o.a.j.JMeter: file.encoding=UTF-8
2021-09-03 22:56:43,299 INFO o.a.j.JMeter: java.awt.headless=null
2021-09-03 22:56:43,299 INFO o.a.j.JMeter: Max memory     =1073741824
2021-09-03 22:56:43,299 INFO o.a.j.JMeter: Available Processors =16
2021-09-03 22:56:43,308 INFO o.a.j.JMeter: Default Locale=English (EN)
2021-09-03 22:56:43,308 INFO o.a.j.JMeter: JMeter  Locale=English (EN)
2021-09-03 22:56:43,309 INFO o.a.j.JMeter: JMeterHome=/usr/local/Cellar/jmeter/5.4.1/libexec
2021-09-03 22:56:43,309 INFO o.a.j.JMeter: user.dir  =/Volumes/Projects/demo
2021-09-03 22:56:43,309 INFO o.a.j.JMeter: PWD       =/Volumes/Projects/demo
2021-09-03 22:56:43,310 INFO o.a.j.JMeter: IP: 127.0.0.1 Name: Bolofindes-MacBook-Pro.local FullName: localhost
2021-09-03 22:56:44,375 INFO o.a.j.JMeter: Setting LAF to: com.github.weisj.darklaf.DarkLaf:com.github.weisj.darklaf.theme.DarculaTheme
2021-09-03 22:56:46,416 INFO o.a.j.JMeter: Loaded icon properties from org/apache/jmeter/images/icon.properties
2021-09-03 22:56:47,954 INFO o.j.r.JARSourceHTTP: Requesting https://jmeter-plugins.org/repo/?installID=mac_os_x-2420075184b8eaa682ae161d48d3426d-gui
2021-09-03 22:56:49,710 INFO o.j.r.PluginManager: Plugins Status: [jpgc-plugins-manager=1.6, jmeter-core=5.4.1, jmeter-ftp=5.4.1, jmeter-http=5.4.1, jmeter-jdbc=5.4.1, jmeter-jms=5.4.1, jmeter-junit=5.4.1, jmeter-java=5.4.1, jmeter-ldap=5.4.1, jmeter-mail=5.4.1, jmeter-mongodb=5.4.1, jmeter-native=5.4.1, jmeter-tcp=5.4.1, jmeter-components=5.4.1]
2021-09-03 22:57:42,283 INFO o.a.j.s.SampleResult: Note: Sample TimeStamps are START times
2021-09-03 22:57:42,283 INFO o.a.j.s.SampleResult: sampleresult.default.encoding is set to ISO-8859-1
2021-09-03 22:57:42,283 INFO o.a.j.s.SampleResult: sampleresult.useNanoTime=true
2021-09-03 22:57:42,283 INFO o.a.j.s.SampleResult: sampleresult.nanoThreadSleep=5000
